<?xml version="1.0" encoding="UTF-8"?>
<!-- Generated by org.testng.reporters.JUnitReportReporter -->
<testsuite hostname="DESKTOP-S99UOC8" failures="0" tests="1" name="com.JpetStore.runner.HomepageRunner" time="6.023" errors="0" timestamp="2025-03-21T17:19:02 IST" skipped="0">
  <testcase classname="com.JpetStore.runner.HomepageRunner" name="runScenario" time="6.023"/>
</testsuite> <!-- com.JpetStore.runner.HomepageRunner -->
