<?xml version="1.0" encoding="UTF-8"?>
<!-- Generated by org.testng.reporters.JUnitReportReporter -->
<testsuite hostname="DESKTOP-S99UOC8" failures="0" tests="1" name="com.JpetStore.runner.ProductDetailsRunner" time="6.463" errors="0" timestamp="2025-03-21T17:19:02 IST" skipped="0">
  <testcase classname="com.JpetStore.runner.ProductDetailsRunner" name="runScenario" time="6.463"/>
</testsuite> <!-- com.JpetStore.runner.ProductDetailsRunner -->
